<?xml version="1.0" encoding="UTF-8"?>
<robot generator="Robot 6.1.1 (Python 3.12.0 on darwin)" generated="20231206 04:55:25.000" rpa="false" schemaversion="4">
<suite id="s1" name="SwagLabs" source="/Users/benishhussain/PycharmProjects/SwagLabsAutomation/Tests/SwagLabs.robot">
<test id="s1-t1" name="User Should be able to login" line="16">
<kw name="Begin Testing" library="Common" type="SETUP">
<kw name="Set Selenium Speed" library="SeleniumLibrary">
<arg>0.3s</arg>
<doc>Sets the delay that is waited after each Selenium command.</doc>
<status status="PASS" starttime="20231206 04:55:25.155" endtime="20231206 04:55:25.155"/>
</kw>
<kw name="Set Selenium Timeout" library="SeleniumLibrary">
<arg>10s</arg>
<doc>Sets the timeout that is used by various keywords.</doc>
<status status="PASS" starttime="20231206 04:55:25.155" endtime="20231206 04:55:25.155"/>
</kw>
<kw name="Open Browser" library="SeleniumLibrary">
<arg>${Browser_URL}</arg>
<arg>${BROWSER}</arg>
<doc>Opens a new browser instance to the optional ``url``.</doc>
<msg timestamp="20231206 04:55:25.156" level="INFO">Opening browser 'chrome' to base url 'https://www.saucedemo.com/'.</msg>
<status status="PASS" starttime="20231206 04:55:25.155" endtime="20231206 04:55:28.025"/>
</kw>
<status status="PASS" starttime="20231206 04:55:25.154" endtime="20231206 04:55:28.026"/>
</kw>
<kw name="Login" library="SwagLabs">
<kw name="Load" library="Login">
<kw name="Go To" library="SeleniumLibrary">
<arg>${Browser_URL}</arg>
<doc>Navigates the current browser window to the provided ``url``.</doc>
<msg timestamp="20231206 04:55:28.029" level="INFO">Opening url 'https://www.saucedemo.com/'</msg>
<status status="PASS" starttime="20231206 04:55:28.028" endtime="20231206 04:55:28.418"/>
</kw>
<kw name="Wait Until Page Contains" library="SeleniumLibrary">
<arg>Swag Labs</arg>
<doc>Waits until ``text`` appears on the current page.</doc>
<status status="PASS" starttime="20231206 04:55:28.419" endtime="20231206 04:55:28.740"/>
</kw>
<status status="PASS" starttime="20231206 04:55:28.028" endtime="20231206 04:55:28.740"/>
</kw>
<kw name="Add email and password" library="Login">
<kw name="Input Text" library="SeleniumLibrary">
<arg>id = user-name</arg>
<arg>${Username}</arg>
<doc>Types the given ``text`` into the text field identified by ``locator``.</doc>
<msg timestamp="20231206 04:55:28.742" level="INFO">Typing text 'problem_user' into text field 'id = user-name'.</msg>
<status status="PASS" starttime="20231206 04:55:28.741" endtime="20231206 04:55:29.896"/>
</kw>
<kw name="Input Text" library="SeleniumLibrary">
<arg>id = password</arg>
<arg>${Password}</arg>
<doc>Types the given ``text`` into the text field identified by ``locator``.</doc>
<msg timestamp="20231206 04:55:29.898" level="INFO">Typing text 'secret_sauce' into text field 'id = password'.</msg>
<status status="PASS" starttime="20231206 04:55:29.896" endtime="20231206 04:55:30.911"/>
</kw>
<kw name="Click Button" library="SeleniumLibrary">
<arg>id = login-button</arg>
<doc>Clicks the button identified by ``locator``.</doc>
<msg timestamp="20231206 04:55:30.912" level="INFO">Clicking button 'id = login-button'.</msg>
<status status="PASS" starttime="20231206 04:55:30.911" endtime="20231206 04:55:31.934"/>
</kw>
<status status="PASS" starttime="20231206 04:55:28.740" endtime="20231206 04:55:31.934"/>
</kw>
<kw name="Verify Products Page" library="Login">
<kw name="Wait Until Page Contains" library="SeleniumLibrary">
<arg>Products</arg>
<doc>Waits until ``text`` appears on the current page.</doc>
<status status="PASS" starttime="20231206 04:55:31.934" endtime="20231206 04:55:32.246"/>
</kw>
<status status="PASS" starttime="20231206 04:55:31.934" endtime="20231206 04:55:32.246"/>
</kw>
<status status="PASS" starttime="20231206 04:55:28.027" endtime="20231206 04:55:32.246"/>
</kw>
<kw name="End testing" library="Common" type="TEARDOWN">
<kw name="Close Browser" library="SeleniumLibrary">
<doc>Closes the current browser.</doc>
<status status="PASS" starttime="20231206 04:55:32.248" endtime="20231206 04:55:32.666"/>
</kw>
<status status="PASS" starttime="20231206 04:55:32.247" endtime="20231206 04:55:32.666"/>
</kw>
<status status="PASS" starttime="20231206 04:55:25.153" endtime="20231206 04:55:32.666"/>
</test>
<test id="s1-t2" name="User Should be able to add product to the cart and checkout" line="21">
<kw name="Begin Testing" library="Common" type="SETUP">
<kw name="Set Selenium Speed" library="SeleniumLibrary">
<arg>0.3s</arg>
<doc>Sets the delay that is waited after each Selenium command.</doc>
<status status="PASS" starttime="20231206 04:55:32.667" endtime="20231206 04:55:32.668"/>
</kw>
<kw name="Set Selenium Timeout" library="SeleniumLibrary">
<arg>10s</arg>
<doc>Sets the timeout that is used by various keywords.</doc>
<status status="PASS" starttime="20231206 04:55:32.668" endtime="20231206 04:55:32.668"/>
</kw>
<kw name="Open Browser" library="SeleniumLibrary">
<arg>${Browser_URL}</arg>
<arg>${BROWSER}</arg>
<doc>Opens a new browser instance to the optional ``url``.</doc>
<msg timestamp="20231206 04:55:32.669" level="INFO">Opening browser 'chrome' to base url 'https://www.saucedemo.com/'.</msg>
<status status="PASS" starttime="20231206 04:55:32.668" endtime="20231206 04:55:35.375"/>
</kw>
<status status="PASS" starttime="20231206 04:55:32.667" endtime="20231206 04:55:35.375"/>
</kw>
<kw name="Log" library="BuiltIn">
<arg>Starting the Sign up test case</arg>
<doc>Logs the given message with the given level.</doc>
<msg timestamp="20231206 04:55:35.376" level="INFO">Starting the Sign up test case</msg>
<status status="PASS" starttime="20231206 04:55:35.375" endtime="20231206 04:55:35.376"/>
</kw>
<kw name="Login" library="SwagLabs">
<kw name="Load" library="Login">
<kw name="Go To" library="SeleniumLibrary">
<arg>${Browser_URL}</arg>
<doc>Navigates the current browser window to the provided ``url``.</doc>
<msg timestamp="20231206 04:55:35.377" level="INFO">Opening url 'https://www.saucedemo.com/'</msg>
<status status="PASS" starttime="20231206 04:55:35.377" endtime="20231206 04:55:35.767"/>
</kw>
<kw name="Wait Until Page Contains" library="SeleniumLibrary">
<arg>Swag Labs</arg>
<doc>Waits until ``text`` appears on the current page.</doc>
<status status="PASS" starttime="20231206 04:55:35.768" endtime="20231206 04:55:36.079"/>
</kw>
<status status="PASS" starttime="20231206 04:55:35.376" endtime="20231206 04:55:36.079"/>
</kw>
<kw name="Add email and password" library="Login">
<kw name="Input Text" library="SeleniumLibrary">
<arg>id = user-name</arg>
<arg>${Username}</arg>
<doc>Types the given ``text`` into the text field identified by ``locator``.</doc>
<msg timestamp="20231206 04:55:36.080" level="INFO">Typing text 'problem_user' into text field 'id = user-name'.</msg>
<status status="PASS" starttime="20231206 04:55:36.080" endtime="20231206 04:55:37.219"/>
</kw>
<kw name="Input Text" library="SeleniumLibrary">
<arg>id = password</arg>
<arg>${Password}</arg>
<doc>Types the given ``text`` into the text field identified by ``locator``.</doc>
<msg timestamp="20231206 04:55:37.220" level="INFO">Typing text 'secret_sauce' into text field 'id = password'.</msg>
<status status="PASS" starttime="20231206 04:55:37.219" endtime="20231206 04:55:38.238"/>
</kw>
<kw name="Click Button" library="SeleniumLibrary">
<arg>id = login-button</arg>
<doc>Clicks the button identified by ``locator``.</doc>
<msg timestamp="20231206 04:55:38.240" level="INFO">Clicking button 'id = login-button'.</msg>
<status status="PASS" starttime="20231206 04:55:38.239" endtime="20231206 04:55:39.274"/>
</kw>
<status status="PASS" starttime="20231206 04:55:36.079" endtime="20231206 04:55:39.274"/>
</kw>
<kw name="Verify Products Page" library="Login">
<kw name="Wait Until Page Contains" library="SeleniumLibrary">
<arg>Products</arg>
<doc>Waits until ``text`` appears on the current page.</doc>
<status status="PASS" starttime="20231206 04:55:39.275" endtime="20231206 04:55:39.596"/>
</kw>
<status status="PASS" starttime="20231206 04:55:39.275" endtime="20231206 04:55:39.596"/>
</kw>
<status status="PASS" starttime="20231206 04:55:35.376" endtime="20231206 04:55:39.596"/>
</kw>
<kw name="Add product to cart" library="SwagLabs">
<kw name="Add product to cart" library="Products">
<kw name="Click Button" library="SeleniumLibrary">
<arg>id = add-to-cart-sauce-labs-bike-light</arg>
<doc>Clicks the button identified by ``locator``.</doc>
<msg timestamp="20231206 04:55:39.599" level="INFO">Clicking button 'id = add-to-cart-sauce-labs-bike-light'.</msg>
<status status="PASS" starttime="20231206 04:55:39.598" endtime="20231206 04:55:41.194"/>
</kw>
<status status="PASS" starttime="20231206 04:55:39.598" endtime="20231206 04:55:41.195"/>
</kw>
<kw name="Verify Product added to cart" library="Products">
<kw name="Wait Until Page Contains Element" library="SeleniumLibrary">
<arg>id=remove-sauce-labs-bike-light</arg>
<doc>Waits until the element ``locator`` appears on the current page.</doc>
<status status="PASS" starttime="20231206 04:55:41.195" endtime="20231206 04:55:41.509"/>
</kw>
<status status="PASS" starttime="20231206 04:55:41.195" endtime="20231206 04:55:41.509"/>
</kw>
<status status="PASS" starttime="20231206 04:55:39.597" endtime="20231206 04:55:41.509"/>
</kw>
<kw name="Open cart" library="SwagLabs">
<kw name="Go to cart" library="Products">
<kw name="Click Link" library="SeleniumLibrary">
<arg>class=shopping_cart_link</arg>
<doc>Clicks a link identified by ``locator``.</doc>
<msg timestamp="20231206 04:55:41.511" level="INFO">Clicking link 'class=shopping_cart_link'.</msg>
<status status="PASS" starttime="20231206 04:55:41.511" endtime="20231206 04:55:42.490"/>
</kw>
<kw name="Wait Until Page Contains" library="SeleniumLibrary">
<arg>Your Cart</arg>
<doc>Waits until ``text`` appears on the current page.</doc>
<status status="PASS" starttime="20231206 04:55:42.490" endtime="20231206 04:55:42.814"/>
</kw>
<status status="PASS" starttime="20231206 04:55:41.510" endtime="20231206 04:55:42.814"/>
</kw>
<status status="PASS" starttime="20231206 04:55:41.509" endtime="20231206 04:55:42.814"/>
</kw>
<kw name="Checkout" library="SwagLabs">
<kw name="Checkout from cart" library="Cart">
<kw name="Click Button" library="SeleniumLibrary">
<arg>id=checkout</arg>
<doc>Clicks the button identified by ``locator``.</doc>
<msg timestamp="20231206 04:55:42.817" level="INFO">Clicking button 'id=checkout'.</msg>
<status status="PASS" starttime="20231206 04:55:42.816" endtime="20231206 04:55:44.412"/>
</kw>
<kw name="Wait Until Page Contains" library="SeleniumLibrary">
<arg>Checkout: Your Information</arg>
<doc>Waits until ``text`` appears on the current page.</doc>
<status status="PASS" starttime="20231206 04:55:44.413" endtime="20231206 04:55:44.735"/>
</kw>
<status status="PASS" starttime="20231206 04:55:42.815" endtime="20231206 04:55:44.735"/>
</kw>
<status status="PASS" starttime="20231206 04:55:42.814" endtime="20231206 04:55:44.735"/>
</kw>
<kw name="Fill checkout information" library="SwagLabs">
<kw name="fill checkout info" library="Checkout">
<kw name="Input Text" library="SeleniumLibrary">
<arg>xpath = //*[@id="first-name"]</arg>
<arg>Benish</arg>
<doc>Types the given ``text`` into the text field identified by ``locator``.</doc>
<msg timestamp="20231206 04:55:44.738" level="INFO">Typing text 'Benish' into text field 'xpath = //*[@id="first-name"]'.</msg>
<status status="PASS" starttime="20231206 04:55:44.737" endtime="20231206 04:55:45.758"/>
</kw>
<kw name="Input Text" library="SeleniumLibrary">
<arg>xpath = //*[@id="last-name"]</arg>
<arg>Hussain</arg>
<doc>Types the given ``text`` into the text field identified by ``locator``.</doc>
<msg timestamp="20231206 04:55:45.759" level="INFO">Typing text 'Hussain' into text field 'xpath = //*[@id="last-name"]'.</msg>
<status status="PASS" starttime="20231206 04:55:45.758" endtime="20231206 04:55:46.763"/>
</kw>
<kw name="Input Text" library="SeleniumLibrary">
<arg>id = postal-code</arg>
<arg>12345</arg>
<doc>Types the given ``text`` into the text field identified by ``locator``.</doc>
<msg timestamp="20231206 04:55:46.764" level="INFO">Typing text '12345' into text field 'id = postal-code'.</msg>
<status status="PASS" starttime="20231206 04:55:46.763" endtime="20231206 04:55:47.769"/>
</kw>
<kw name="Click Button" library="SeleniumLibrary">
<arg>id = continue</arg>
<doc>Clicks the button identified by ``locator``.</doc>
<msg timestamp="20231206 04:55:47.771" level="INFO">Clicking button 'id = continue'.</msg>
<status status="PASS" starttime="20231206 04:55:47.770" endtime="20231206 04:55:48.769"/>
</kw>
<kw name="Log" library="BuiltIn">
<arg>This website has error in first name and last name input fields.</arg>
<doc>Logs the given message with the given level.</doc>
<msg timestamp="20231206 04:55:48.770" level="INFO">This website has error in first name and last name input fields.</msg>
<status status="PASS" starttime="20231206 04:55:48.770" endtime="20231206 04:55:48.770"/>
</kw>
<status status="PASS" starttime="20231206 04:55:44.736" endtime="20231206 04:55:48.770"/>
</kw>
<status status="PASS" starttime="20231206 04:55:44.735" endtime="20231206 04:55:48.770"/>
</kw>
<kw name="Sleep" library="BuiltIn">
<arg>3s</arg>
<doc>Pauses the test executed for the given time.</doc>
<msg timestamp="20231206 04:55:51.773" level="INFO">Slept 3 seconds</msg>
<status status="PASS" starttime="20231206 04:55:48.771" endtime="20231206 04:55:51.773"/>
</kw>
<kw name="End testing" library="Common" type="TEARDOWN">
<kw name="Close Browser" library="SeleniumLibrary">
<doc>Closes the current browser.</doc>
<status status="PASS" starttime="20231206 04:55:51.774" endtime="20231206 04:55:52.139"/>
</kw>
<status status="PASS" starttime="20231206 04:55:51.774" endtime="20231206 04:55:52.139"/>
</kw>
<doc>This is basic info about the TEST</doc>
<status status="PASS" starttime="20231206 04:55:32.667" endtime="20231206 04:55:52.139"/>
</test>
<test id="s1-t3" name="User should be able to select product using filters" line="35">
<kw name="Begin Testing" library="Common" type="SETUP">
<kw name="Set Selenium Speed" library="SeleniumLibrary">
<arg>0.3s</arg>
<doc>Sets the delay that is waited after each Selenium command.</doc>
<status status="PASS" starttime="20231206 04:55:52.141" endtime="20231206 04:55:52.141"/>
</kw>
<kw name="Set Selenium Timeout" library="SeleniumLibrary">
<arg>10s</arg>
<doc>Sets the timeout that is used by various keywords.</doc>
<status status="PASS" starttime="20231206 04:55:52.142" endtime="20231206 04:55:52.142"/>
</kw>
<kw name="Open Browser" library="SeleniumLibrary">
<arg>${Browser_URL}</arg>
<arg>${BROWSER}</arg>
<doc>Opens a new browser instance to the optional ``url``.</doc>
<msg timestamp="20231206 04:55:52.142" level="INFO">Opening browser 'chrome' to base url 'https://www.saucedemo.com/'.</msg>
<status status="PASS" starttime="20231206 04:55:52.142" endtime="20231206 04:55:54.802"/>
</kw>
<status status="PASS" starttime="20231206 04:55:52.141" endtime="20231206 04:55:54.802"/>
</kw>
<kw name="Login" library="SwagLabs">
<kw name="Load" library="Login">
<kw name="Go To" library="SeleniumLibrary">
<arg>${Browser_URL}</arg>
<doc>Navigates the current browser window to the provided ``url``.</doc>
<msg timestamp="20231206 04:55:54.803" level="INFO">Opening url 'https://www.saucedemo.com/'</msg>
<status status="PASS" starttime="20231206 04:55:54.803" endtime="20231206 04:55:55.182"/>
</kw>
<kw name="Wait Until Page Contains" library="SeleniumLibrary">
<arg>Swag Labs</arg>
<doc>Waits until ``text`` appears on the current page.</doc>
<status status="PASS" starttime="20231206 04:55:55.182" endtime="20231206 04:55:55.501"/>
</kw>
<status status="PASS" starttime="20231206 04:55:54.803" endtime="20231206 04:55:55.501"/>
</kw>
<kw name="Add email and password" library="Login">
<kw name="Input Text" library="SeleniumLibrary">
<arg>id = user-name</arg>
<arg>${Username}</arg>
<doc>Types the given ``text`` into the text field identified by ``locator``.</doc>
<msg timestamp="20231206 04:55:55.504" level="INFO">Typing text 'problem_user' into text field 'id = user-name'.</msg>
<status status="PASS" starttime="20231206 04:55:55.502" endtime="20231206 04:55:56.643"/>
</kw>
<kw name="Input Text" library="SeleniumLibrary">
<arg>id = password</arg>
<arg>${Password}</arg>
<doc>Types the given ``text`` into the text field identified by ``locator``.</doc>
<msg timestamp="20231206 04:55:56.652" level="INFO">Typing text 'secret_sauce' into text field 'id = password'.</msg>
<status status="PASS" starttime="20231206 04:55:56.643" endtime="20231206 04:55:57.659"/>
</kw>
<kw name="Click Button" library="SeleniumLibrary">
<arg>id = login-button</arg>
<doc>Clicks the button identified by ``locator``.</doc>
<msg timestamp="20231206 04:55:57.660" level="INFO">Clicking button 'id = login-button'.</msg>
<status status="PASS" starttime="20231206 04:55:57.659" endtime="20231206 04:55:58.682"/>
</kw>
<status status="PASS" starttime="20231206 04:55:55.502" endtime="20231206 04:55:58.682"/>
</kw>
<kw name="Verify Products Page" library="Login">
<kw name="Wait Until Page Contains" library="SeleniumLibrary">
<arg>Products</arg>
<doc>Waits until ``text`` appears on the current page.</doc>
<status status="PASS" starttime="20231206 04:55:58.683" endtime="20231206 04:55:59.001"/>
</kw>
<status status="PASS" starttime="20231206 04:55:58.682" endtime="20231206 04:55:59.001"/>
</kw>
<status status="PASS" starttime="20231206 04:55:54.802" endtime="20231206 04:55:59.001"/>
</kw>
<kw name="Select from filter" library="SwagLabs">
<kw name="Search product using filter" library="Products">
<kw name="Select From List By Value" library="SeleniumLibrary">
<arg>xpath = //*[@id="header_container"]/div[2]/div/span/select</arg>
<arg>lohi</arg>
<doc>Selects options from selection list ``locator`` by ``values``.</doc>
<msg timestamp="20231206 04:55:59.004" level="INFO">Selecting options from selection list 'xpath = //*[@id="header_container"]/div[2]/div/span/select' by value lohi.</msg>
<status status="PASS" starttime="20231206 04:55:59.003" endtime="20231206 04:56:01.558"/>
</kw>
<status status="PASS" starttime="20231206 04:55:59.002" endtime="20231206 04:56:01.558"/>
</kw>
<status status="PASS" starttime="20231206 04:55:59.002" endtime="20231206 04:56:01.558"/>
</kw>
<kw name="Sleep" library="BuiltIn">
<arg>3s</arg>
<doc>Pauses the test executed for the given time.</doc>
<msg timestamp="20231206 04:56:04.560" level="INFO">Slept 3 seconds</msg>
<status status="PASS" starttime="20231206 04:56:01.559" endtime="20231206 04:56:04.560"/>
</kw>
<kw name="End testing" library="Common" type="TEARDOWN">
<kw name="Close Browser" library="SeleniumLibrary">
<doc>Closes the current browser.</doc>
<status status="PASS" starttime="20231206 04:56:04.562" endtime="20231206 04:56:04.928"/>
</kw>
<status status="PASS" starttime="20231206 04:56:04.561" endtime="20231206 04:56:04.928"/>
</kw>
<status status="PASS" starttime="20231206 04:55:52.140" endtime="20231206 04:56:04.928"/>
</test>
<doc>This is some basic information about the whole SUITE</doc>
<status status="PASS" starttime="20231206 04:55:25.002" endtime="20231206 04:56:04.930"/>
</suite>
<statistics>
<total>
<stat pass="3" fail="0" skip="0">All Tests</stat>
</total>
<tag>
</tag>
<suite>
<stat pass="3" fail="0" skip="0" id="s1" name="SwagLabs">SwagLabs</stat>
</suite>
</statistics>
<errors>
</errors>
</robot>
